Start testing: Sep 17 17:46 India Standard Time
----------------------------------------------------------
3/21 Testing: vaist_cpp_tensor_test
3/21 Test: vaist_cpp_tensor_test
Command: "C:/Users/rina0423/Desktop/VAiSt/build-default/Release/vaist_cpp_tensor_test.exe"
Directory: C:/Users/rina0423/Desktop/VAiSt/build-default
"vaist_cpp_tensor_test" start time: Sep 17 17:46 India Standard Time
Output:
----------------------------------------------------------
<end of output>
Test time =   0.03 sec
----------------------------------------------------------
Test Passed.
"vaist_cpp_tensor_test" end time: Sep 17 17:46 India Standard Time
"vaist_cpp_tensor_test" time elapsed: 00:00:00
----------------------------------------------------------

13/21 Testing: vaist_cpp_blas_test
13/21 Test: vaist_cpp_blas_test
Command: "C:/Users/rina0423/Desktop/VAiSt/build-default/Release/vaist_cpp_blas_test.exe"
Directory: C:/Users/rina0423/Desktop/VAiSt/build-default
"vaist_cpp_blas_test" start time: Sep 17 17:46 India Standard Time
Output:
----------------------------------------------------------
<end of output>
Test time =   0.06 sec
----------------------------------------------------------
Test Passed.
"vaist_cpp_blas_test" end time: Sep 17 17:46 India Standard Time
"vaist_cpp_blas_test" time elapsed: 00:00:00
----------------------------------------------------------

14/21 Testing: vaist_cpp_linalg_test
14/21 Test: vaist_cpp_linalg_test
Command: "C:/Users/rina0423/Desktop/VAiSt/build-default/Release/vaist_cpp_linalg_test.exe"
Directory: C:/Users/rina0423/Desktop/VAiSt/build-default
"vaist_cpp_linalg_test" start time: Sep 17 17:46 India Standard Time
Output:
----------------------------------------------------------
<end of output>
Test time =   0.03 sec
----------------------------------------------------------
Test Passed.
"vaist_cpp_linalg_test" end time: Sep 17 17:46 India Standard Time
"vaist_cpp_linalg_test" time elapsed: 00:00:00
----------------------------------------------------------

15/21 Testing: stack_smoke
15/21 Test: stack_smoke
Command: "C:/Users/rina0423/Desktop/VAiSt/build-default/Release/vaist_stack_smoke.exe"
Directory: C:/Users/rina0423/Desktop/VAiSt/build-default
"stack_smoke" start time: Sep 17 17:46 India Standard Time
Output:
----------------------------------------------------------
<end of output>
Test time =   0.04 sec
----------------------------------------------------------
Test Passed.
"stack_smoke" end time: Sep 17 17:46 India Standard Time
"stack_smoke" time elapsed: 00:00:00
----------------------------------------------------------

16/21 Testing: linalg_test
16/21 Test: linalg_test
Command: "C:/Users/rina0423/Desktop/VAiSt/build-default/Release/vaist_linalg_test.exe"
Directory: C:/Users/rina0423/Desktop/VAiSt/build-default
"linalg_test" start time: Sep 17 17:46 India Standard Time
Output:
----------------------------------------------------------
linalg_test: PASS
<end of output>
Test time =   0.04 sec
----------------------------------------------------------
Test Passed.
"linalg_test" end time: Sep 17 17:46 India Standard Time
"linalg_test" time elapsed: 00:00:00
----------------------------------------------------------

17/21 Testing: blas_test
17/21 Test: blas_test
Command: "C:/Users/rina0423/Desktop/VAiSt/build-default/Release/vaist_blas_test.exe"
Directory: C:/Users/rina0423/Desktop/VAiSt/build-default
"blas_test" start time: Sep 17 17:46 India Standard Time
Output:
----------------------------------------------------------
blas_test: PASS
<end of output>
Test time =   0.04 sec
----------------------------------------------------------
Test Passed.
"blas_test" end time: Sep 17 17:46 India Standard Time
"blas_test" time elapsed: 00:00:00
----------------------------------------------------------

18/21 Testing: vaist_blas_vulkan_test
18/21 Test: vaist_blas_vulkan_test
Command: "C:/Users/rina0423/Desktop/VAiSt/build-default/Release/vaist_blas_vulkan_test.exe"
Directory: C:/Users/rina0423/Desktop/VAiSt/build-default
"vaist_blas_vulkan_test" start time: Sep 17 17:46 India Standard Time
Output:
----------------------------------------------------------
vaist_blas_vulkan_test: backend=2 vulkan_available=1
vaist_blas_vulkan_test: PASS (backend=2, cpu-fallback)
<end of output>
Test time =   0.04 sec
----------------------------------------------------------
Test Passed.
"vaist_blas_vulkan_test" end time: Sep 17 17:46 India Standard Time
"vaist_blas_vulkan_test" time elapsed: 00:00:00
----------------------------------------------------------

19/21 Testing: cpp_smoke
19/21 Test: cpp_smoke
Command: "C:/Users/rina0423/Desktop/VAiSt/build-default/Release/vaist_cpp_smoke.exe"
Directory: C:/Users/rina0423/Desktop/VAiSt/build-default
"cpp_smoke" start time: Sep 17 17:46 India Standard Time
Output:
----------------------------------------------------------
<end of output>
Test time =   0.04 sec
----------------------------------------------------------
Test Passed.
"cpp_smoke" end time: Sep 17 17:46 India Standard Time
"cpp_smoke" time elapsed: 00:00:00
----------------------------------------------------------

End testing: Sep 17 17:46 India Standard Time
